# JRE version: OpenJDK Runtime Environment (8.0_112-b06) (build 1.8.0_112-release-b06)
# Java VM: OpenJDK 64-Bit Server VM (25.112-b06 mixed mode windows-amd64 compressed oops)
Heap:
 PSYoungGen      total 608768K, used 155630K [0x000000076ab00000, 0x00000007a6280000, 0x00000007c0000000)
  eden space 453120K, 0% used [0x000000076ab00000,0x000000076ab00000,0x0000000786580000)
  from space 155648K, 99% used [0x0000000794100000,0x000000079d8fbb40,0x000000079d900000)
  to   space 224768K, 0% used [0x0000000786580000,0x0000000786580000,0x0000000794100000)
 ParOldGen       total 423424K, used 423361K [0x00000006c0000000, 0x00000006d9d80000, 0x000000076ab00000)
  object space 423424K, 99% used [0x00000006c0000000,0x00000006d9d70600,0x00000006d9d80000)
 Metaspace       used 6610K, capacity 7284K, committed 7552K, reserved 1056768K
  class space    used 601K, capacity 620K, committed 640K, reserved 1048576K
GC Heap History (10 events):
Event: 6.023 GC heap after
Heap after GC invocations=10 (full 1):
 PSYoungGen      total 460288K, used 57824K [0x000000076ab00000, 0x000000078d980000, 0x00000007c0000000)
  eden space 402432K, 0% used [0x000000076ab00000,0x000000076ab00000,0x0000000783400000)
  from space 57856K, 99% used [0x0000000789780000,0x000000078cff82b8,0x000000078d000000)
  to   space 9728K, 0% used [0x000000078d000000,0x000000078d000000,0x000000078d980000)
 ParOldGen       total 173056K, used 127547K [0x00000006c0000000, 0x00000006ca900000, 0x000000076ab00000)
  object space 173056K, 73% used [0x00000006c0000000,0x00000006c7c8ef18,0x00000006ca900000)
 Metaspace       used 6590K, capacity 7284K, committed 7552K, reserved 1056768K
  class space    used 600K, capacity 620K, committed 640K, reserved 1048576K
}
Event: 7.296 GC heap before
{Heap before GC invocations=11 (full 1):
 PSYoungGen      total 460288K, used 460256K [0x000000076ab00000, 0x000000078d980000, 0x00000007c0000000)
  eden space 402432K, 100% used [0x000000076ab00000,0x0000000783400000,0x0000000783400000)
  from space 57856K, 99% used [0x0000000789780000,0x000000078cff82b8,0x000000078d000000)
  to   space 9728K, 0% used [0x000000078d000000,0x000000078d000000,0x000000078d980000)
 ParOldGen       total 173056K, used 127547K [0x00000006c0000000, 0x00000006ca900000, 0x000000076ab00000)
  object space 173056K, 73% used [0x00000006c0000000,0x00000006c7c8ef18,0x00000006ca900000)
 Metaspace       used 6598K, capacity 7284K, committed 7552K, reserved 1056768K
  class space    used 600K, capacity 620K, committed 640K, reserved 1048576K
Event: 7.472 GC heap after
Heap after GC invocations=11 (full 1):
 PSYoungGen      total 462848K, used 9724K [0x000000076ab00000, 0x0000000795980000, 0x00000007c0000000)
  eden space 453120K, 0% used [0x000000076ab00000,0x000000076ab00000,0x0000000786580000)
  from space 9728K, 99% used [0x000000078d000000,0x000000078d97f3a0,0x000000078d980000)
  to   space 109056K, 0% used [0x0000000786580000,0x0000000786580000,0x000000078d000000)
 ParOldGen       total 233472K, used 233344K [0x00000006c0000000, 0x00000006ce400000, 0x000000076ab00000)
  object space 233472K, 99% used [0x00000006c0000000,0x00000006ce3e01f0,0x00000006ce400000)
 Metaspace       used 6598K, capacity 7284K, committed 7552K, reserved 1056768K
  class space    used 600K, capacity 620K, committed 640K, reserved 1048576K
}
Event: 7.472 GC heap before
{Heap before GC invocations=12 (full 2):
 PSYoungGen      total 462848K, used 9724K [0x000000076ab00000, 0x0000000795980000, 0x00000007c0000000)
  eden space 453120K, 0% used [0x000000076ab00000,0x000000076ab00000,0x0000000786580000)
  from space 9728K, 99% used [0x000000078d000000,0x000000078d97f3a0,0x000000078d980000)
  to   space 109056K, 0% used [0x0000000786580000,0x0000000786580000,0x000000078d000000)
 ParOldGen       total 233472K, used 233344K [0x00000006c0000000, 0x00000006ce400000, 0x000000076ab00000)
  object space 233472K, 99% used [0x00000006c0000000,0x00000006ce3e01f0,0x00000006ce400000)
 Metaspace       used 6598K, capacity 7284K, committed 7552K, reserved 1056768K
  class space    used 600K, capacity 620K, committed 640K, reserved 1048576K
Event: 8.918 GC heap after
Heap after GC invocations=12 (full 2):
 PSYoungGen      total 462848K, used 504K [0x000000076ab00000, 0x0000000795980000, 0x00000007c0000000)
  eden space 453120K, 0% used [0x000000076ab00000,0x000000076ab00000,0x0000000786580000)
  from space 9728K, 5% used [0x000000078d000000,0x000000078d07e2c0,0x000000078d980000)
  to   space 109056K, 0% used [0x0000000786580000,0x0000000786580000,0x000000078d000000)
 ParOldGen       total 399872K, used 233145K [0x00000006c0000000, 0x00000006d8680000, 0x000000076ab00000)
  object space 399872K, 58% used [0x00000006c0000000,0x00000006ce3ae610,0x00000006d8680000)
 Metaspace       used 6598K, capacity 7284K, committed 7552K, reserved 1056768K
  class space    used 600K, capacity 620K, committed 640K, reserved 1048576K
}
Event: 10.136 GC heap before
{Heap before GC invocations=13 (full 2):
 PSYoungGen      total 462848K, used 453624K [0x000000076ab00000, 0x0000000795980000, 0x00000007c0000000)
  eden space 453120K, 100% used [0x000000076ab00000,0x0000000786580000,0x0000000786580000)
  from space 9728K, 5% used [0x000000078d000000,0x000000078d07e2c0,0x000000078d980000)
  to   space 109056K, 0% used [0x0000000786580000,0x0000000786580000,0x000000078d000000)
 ParOldGen       total 399872K, used 233145K [0x00000006c0000000, 0x00000006d8680000, 0x000000076ab00000)
  object space 399872K, 58% used [0x00000006c0000000,0x00000006ce3ae610,0x00000006d8680000)
 Metaspace       used 6605K, capacity 7284K, committed 7552K, reserved 1056768K
  class space    used 601K, capacity 620K, committed 640K, reserved 1048576K
Event: 10.261 GC heap after
Heap after GC invocations=13 (full 2):
 PSYoungGen      total 562176K, used 109027K [0x000000076ab00000, 0x000000079d900000, 0x00000007c0000000)
  eden space 453120K, 0% used [0x000000076ab00000,0x000000076ab00000,0x0000000786580000)
  from space 109056K, 99% used [0x0000000786580000,0x000000078cff8e68,0x000000078d000000)
  to   space 155648K, 0% used [0x0000000794100000,0x0000000794100000,0x000000079d900000)
 ParOldGen       total 399872K, used 309331K [0x00000006c0000000, 0x00000006d8680000, 0x000000076ab00000)
  object space 399872K, 77% used [0x00000006c0000000,0x00000006d2e14cc8,0x00000006d8680000)
 Metaspace       used 6605K, capacity 7284K, committed 7552K, reserved 1056768K
  class space    used 601K, capacity 620K, committed 640K, reserved 1048576K
}
Event: 11.856 GC heap before
{Heap before GC invocations=14 (full 2):
 PSYoungGen      total 562176K, used 562147K [0x000000076ab00000, 0x000000079d900000, 0x00000007c0000000)
  eden space 453120K, 100% used [0x000000076ab00000,0x0000000786580000,0x0000000786580000)
  from space 109056K, 99% used [0x0000000786580000,0x000000078cff8e68,0x000000078d000000)
  to   space 155648K, 0% used [0x0000000794100000,0x0000000794100000,0x000000079d900000)
 ParOldGen       total 399872K, used 309331K [0x00000006c0000000, 0x00000006d8680000, 0x000000076ab00000)
  object space 399872K, 77% used [0x00000006c0000000,0x00000006d2e14cc8,0x00000006d8680000)
 Metaspace       used 6610K, capacity 7284K, committed 7552K, reserved 1056768K
  class space    used 601K, capacity 620K, committed 640K, reserved 1048576K
Event: 12.028 GC heap after
Heap after GC invocations=14 (full 2):
 PSYoungGen      total 608768K, used 155630K [0x000000076ab00000, 0x00000007a6280000, 0x00000007c0000000)
  eden space 453120K, 0% used [0x000000076ab00000,0x000000076ab00000,0x0000000786580000)
  from space 155648K, 99% used [0x0000000794100000,0x000000079d8fbb40,0x000000079d900000)
  to   space 224768K, 0% used [0x0000000786580000,0x0000000786580000,0x0000000794100000)
 ParOldGen       total 423424K, used 423361K [0x00000006c0000000, 0x00000006d9d80000, 0x000000076ab00000)
  object space 423424K, 99% used [0x00000006c0000000,0x00000006d9d70600,0x00000006d9d80000)
 Metaspace       used 6610K, capacity 7284K, committed 7552K, reserved 1056768K
  class space    used 601K, capacity 620K, committed 640K, reserved 1048576K
}
Event: 12.028 GC heap before
{Heap before GC invocations=15 (full 3):
 PSYoungGen      total 608768K, used 155630K [0x000000076ab00000, 0x00000007a6280000, 0x00000007c0000000)
  eden space 453120K, 0% used [0x000000076ab00000,0x000000076ab00000,0x0000000786580000)
  from space 155648K, 99% used [0x0000000794100000,0x000000079d8fbb40,0x000000079d900000)
  to   space 224768K, 0% used [0x0000000786580000,0x0000000786580000,0x0000000794100000)
 ParOldGen       total 423424K, used 423361K [0x00000006c0000000, 0x00000006d9d80000, 0x000000076ab00000)
  object space 423424K, 99% used [0x00000006c0000000,0x00000006d9d70600,0x00000006d9d80000)
 Metaspace       used 6610K, capacity 7284K, committed 7552K, reserved 1056768K
  class space    used 601K, capacity 620K, committed 640K, reserved 1048576K

