# JRE version: OpenJDK Runtime Environment (8.0_112-b06) (build 1.8.0_112-release-b06)
# Java VM: OpenJDK 64-Bit Server VM (25.112-b06 mixed mode windows-amd64 compressed oops)
Heap:
 PSYoungGen      total 916992K, used 916981K [0x000000076ab00000, 0x00000007c0000000, 0x00000007c0000000)
  eden space 604160K, 100% used [0x000000076ab00000,0x000000078f900000,0x000000078f900000)
  from space 312832K, 99% used [0x00000007a6480000,0x00000007b95fd4b0,0x00000007b9600000)
  to   space 372224K, 40% used [0x000000078f900000,0x0000000798cdb540,0x00000007a6480000)
 ParOldGen       total 719360K, used 579776K [0x00000006c0000000, 0x00000006ebe80000, 0x000000076ab00000)
  object space 719360K, 80% used [0x00000006c0000000,0x00000006e3632048,0x00000006ebe80000)
 Metaspace       used 6686K, capacity 7350K, committed 7552K, reserved 1056768K
  class space    used 607K, capacity 622K, committed 640K, reserved 1048576K
GC Heap History (10 events):
Event: 14.920 GC heap after
Heap after GC invocations=18 (full 4):
 PSYoungGen      total 733184K, used 90158K [0x000000076ab00000, 0x00000007a5800000, 0x00000007c0000000)
  eden space 536576K, 0% used [0x000000076ab00000,0x000000076ab00000,0x000000078b700000)
  from space 196608K, 45% used [0x0000000799800000,0x000000079f00b898,0x00000007a5800000)
  to   space 213504K, 0% used [0x000000078b700000,0x000000078b700000,0x0000000798780000)
 ParOldGen       total 719360K, used 399635K [0x00000006c0000000, 0x00000006ebe80000, 0x000000076ab00000)
  object space 719360K, 55% used [0x00000006c0000000,0x00000006d8644c40,0x00000006ebe80000)
 Metaspace       used 6582K, capacity 7282K, committed 7552K, reserved 1056768K
  class space    used 601K, capacity 618K, committed 640K, reserved 1048576K
}
Event: 15.890 GC heap before
{Heap before GC invocations=19 (full 4):
 PSYoungGen      total 733184K, used 626734K [0x000000076ab00000, 0x00000007a5800000, 0x00000007c0000000)
  eden space 536576K, 100% used [0x000000076ab00000,0x000000078b700000,0x000000078b700000)
  from space 196608K, 45% used [0x0000000799800000,0x000000079f00b898,0x00000007a5800000)
  to   space 213504K, 0% used [0x000000078b700000,0x000000078b700000,0x0000000798780000)
 ParOldGen       total 719360K, used 399635K [0x00000006c0000000, 0x00000006ebe80000, 0x000000076ab00000)
  object space 719360K, 55% used [0x00000006c0000000,0x00000006d8644c40,0x00000006ebe80000)
 Metaspace       used 6585K, capacity 7282K, committed 7552K, reserved 1056768K
  class space    used 601K, capacity 618K, committed 640K, reserved 1048576K
Event: 16.047 GC heap after
Heap after GC invocations=19 (full 4):
 PSYoungGen      total 750080K, used 170905K [0x000000076ab00000, 0x00000007ad000000, 0x00000007c0000000)
  eden space 536576K, 0% used [0x000000076ab00000,0x000000076ab00000,0x000000078b700000)
  from space 213504K, 80% used [0x000000078b700000,0x0000000795de6608,0x0000000798780000)
  to   space 233472K, 0% used [0x000000079ec00000,0x000000079ec00000,0x00000007ad000000)
 ParOldGen       total 719360K, used 399635K [0x00000006c0000000, 0x00000006ebe80000, 0x000000076ab00000)
  object space 719360K, 55% used [0x00000006c0000000,0x00000006d8644c40,0x00000006ebe80000)
 Metaspace       used 6585K, capacity 7282K, committed 7552K, reserved 1056768K
  class space    used 601K, capacity 618K, committed 640K, reserved 1048576K
}
Event: 16.988 GC heap before
{Heap before GC invocations=20 (full 4):
 PSYoungGen      total 750080K, used 707481K [0x000000076ab00000, 0x00000007ad000000, 0x00000007c0000000)
  eden space 536576K, 100% used [0x000000076ab00000,0x000000078b700000,0x000000078b700000)
  from space 213504K, 80% used [0x000000078b700000,0x0000000795de6608,0x0000000798780000)
  to   space 233472K, 0% used [0x000000079ec00000,0x000000079ec00000,0x00000007ad000000)
 ParOldGen       total 719360K, used 399635K [0x00000006c0000000, 0x00000006ebe80000, 0x000000076ab00000)
  object space 719360K, 55% used [0x00000006c0000000,0x00000006d8644c40,0x00000006ebe80000)
 Metaspace       used 6591K, capacity 7282K, committed 7552K, reserved 1056768K
  class space    used 601K, capacity 618K, committed 640K, reserved 1048576K
Event: 17.279 GC heap after
Heap after GC invocations=20 (full 4):
 PSYoungGen      total 807936K, used 233465K [0x000000076ab00000, 0x00000007b3c00000, 0x00000007c0000000)
  eden space 574464K, 0% used [0x000000076ab00000,0x000000076ab00000,0x000000078dc00000)
  from space 233472K, 99% used [0x000000079ec00000,0x00000007acffe508,0x00000007ad000000)
  to   space 278528K, 0% used [0x000000078dc00000,0x000000078dc00000,0x000000079ec00000)
 ParOldGen       total 719360K, used 417635K [0x00000006c0000000, 0x00000006ebe80000, 0x000000076ab00000)
  object space 719360K, 58% used [0x00000006c0000000,0x00000006d97d8e10,0x00000006ebe80000)
 Metaspace       used 6591K, capacity 7282K, committed 7552K, reserved 1056768K
  class space    used 601K, capacity 618K, committed 640K, reserved 1048576K
}
Event: 18.031 GC heap before
{Heap before GC invocations=21 (full 4):
 PSYoungGen      total 807936K, used 807929K [0x000000076ab00000, 0x00000007b3c00000, 0x00000007c0000000)
  eden space 574464K, 100% used [0x000000076ab00000,0x000000078dc00000,0x000000078dc00000)
  from space 233472K, 99% used [0x000000079ec00000,0x00000007acffe508,0x00000007ad000000)
  to   space 278528K, 0% used [0x000000078dc00000,0x000000078dc00000,0x000000079ec00000)
 ParOldGen       total 719360K, used 417635K [0x00000006c0000000, 0x00000006ebe80000, 0x000000076ab00000)
  object space 719360K, 58% used [0x00000006c0000000,0x00000006d97d8e10,0x00000006ebe80000)
 Metaspace       used 6592K, capacity 7282K, committed 7552K, reserved 1056768K
  class space    used 601K, capacity 618K, committed 640K, reserved 1048576K
Event: 18.357 GC heap after
Heap after GC invocations=21 (full 4):
 PSYoungGen      total 852992K, used 246621K [0x000000076ab00000, 0x00000007b9600000, 0x00000007c0000000)
  eden space 574464K, 0% used [0x000000076ab00000,0x000000076ab00000,0x000000078dc00000)
  from space 278528K, 88% used [0x000000078dc00000,0x000000079ccd7728,0x000000079ec00000)
  to   space 312832K, 0% used [0x00000007a6480000,0x00000007a6480000,0x00000007b9600000)
 ParOldGen       total 719360K, used 494632K [0x00000006c0000000, 0x00000006ebe80000, 0x000000076ab00000)
  object space 719360K, 68% used [0x00000006c0000000,0x00000006de30a230,0x00000006ebe80000)
 Metaspace       used 6592K, capacity 7282K, committed 7552K, reserved 1056768K
  class space    used 601K, capacity 618K, committed 640K, reserved 1048576K
}
Event: 18.968 GC heap before
{Heap before GC invocations=22 (full 4):
 PSYoungGen      total 852992K, used 821085K [0x000000076ab00000, 0x00000007b9600000, 0x00000007c0000000)
  eden space 574464K, 100% used [0x000000076ab00000,0x000000078dc00000,0x000000078dc00000)
  from space 278528K, 88% used [0x000000078dc00000,0x000000079ccd7728,0x000000079ec00000)
  to   space 312832K, 0% used [0x00000007a6480000,0x00000007a6480000,0x00000007b9600000)
 ParOldGen       total 719360K, used 494632K [0x00000006c0000000, 0x00000006ebe80000, 0x000000076ab00000)
  object space 719360K, 68% used [0x00000006c0000000,0x00000006de30a230,0x00000006ebe80000)
 Metaspace       used 6594K, capacity 7282K, committed 7552K, reserved 1056768K
  class space    used 601K, capacity 618K, committed 640K, reserved 1048576K
Event: 19.280 GC heap after
Heap after GC invocations=22 (full 4):
 PSYoungGen      total 916992K, used 312821K [0x000000076ab00000, 0x00000007c0000000, 0x00000007c0000000)
  eden space 604160K, 0% used [0x000000076ab00000,0x000000076ab00000,0x000000078f900000)
  from space 312832K, 99% used [0x00000007a6480000,0x00000007b95fd4b0,0x00000007b9600000)
  to   space 372224K, 0% used [0x000000078f900000,0x000000078f900000,0x00000007a6480000)
 ParOldGen       total 719360K, used 515226K [0x00000006c0000000, 0x00000006ebe80000, 0x000000076ab00000)
  object space 719360K, 71% used [0x00000006c0000000,0x00000006df726b10,0x00000006ebe80000)
 Metaspace       used 6594K, capacity 7282K, committed 7552K, reserved 1056768K
  class space    used 601K, capacity 618K, committed 640K, reserved 1048576K
}
Event: 20.335 GC heap before
{Heap before GC invocations=23 (full 4):
 PSYoungGen      total 916992K, used 916981K [0x000000076ab00000, 0x00000007c0000000, 0x00000007c0000000)
  eden space 604160K, 100% used [0x000000076ab00000,0x000000078f900000,0x000000078f900000)
  from space 312832K, 99% used [0x00000007a6480000,0x00000007b95fd4b0,0x00000007b9600000)
  to   space 372224K, 0% used [0x000000078f900000,0x000000078f900000,0x00000007a6480000)
 ParOldGen       total 719360K, used 515226K [0x00000006c0000000, 0x00000006ebe80000, 0x000000076ab00000)
  object space 719360K, 71% used [0x00000006c0000000,0x00000006df726b10,0x00000006ebe80000)
 Metaspace       used 6686K, capacity 7350K, committed 7552K, reserved 1056768K
  class space    used 607K, capacity 622K, committed 640K, reserved 1048576K

