# JRE version: OpenJDK Runtime Environment (8.0_112-b06) (build 1.8.0_112-release-b06)
# Java VM: OpenJDK 64-Bit Server VM (25.112-b06 mixed mode windows-amd64 compressed oops)
Heap:
 PSYoungGen      total 494592K, used 487800K [0x000000076ab00000, 0x0000000799900000, 0x00000007c0000000)
  eden space 449024K, 100% used [0x000000076ab00000,0x0000000786180000,0x0000000786180000)
  from space 45568K, 85% used [0x000000078d100000,0x000000078f6de1e8,0x000000078fd80000)
  to   space 114176K, 99% used [0x0000000786180000,0x000000078d0fa8a0,0x000000078d100000)
 ParOldGen       total 363008K, used 277034K [0x00000006c0000000, 0x00000006d6280000, 0x000000076ab00000)
  object space 363008K, 76% used [0x00000006c0000000,0x00000006d0e8a820,0x00000006d6280000)
 Metaspace       used 6582K, capacity 7282K, committed 7552K, reserved 1056768K
  class space    used 600K, capacity 618K, committed 640K, reserved 1048576K
GC Heap History (10 events):
Event: 4.033 GC heap after
Heap after GC invocations=8 (full 1):
 PSYoungGen      total 290304K, used 10189K [0x000000076ab00000, 0x0000000790a00000, 0x00000007c0000000)
  eden space 261120K, 0% used [0x000000076ab00000,0x000000076ab00000,0x000000077aa00000)
  from space 29184K, 34% used [0x000000077aa00000,0x000000077b3f3628,0x000000077c680000)
  to   space 49664K, 0% used [0x000000078d980000,0x000000078d980000,0x0000000790a00000)
 ParOldGen       total 171008K, used 87525K [0x00000006c0000000, 0x00000006ca700000, 0x000000076ab00000)
  object space 171008K, 51% used [0x00000006c0000000,0x00000006c55797f0,0x00000006ca700000)
 Metaspace       used 6505K, capacity 7218K, committed 7296K, reserved 1056768K
  class space    used 598K, capacity 618K, committed 640K, reserved 1048576K
}
Event: 4.854 GC heap before
{Heap before GC invocations=9 (full 1):
 PSYoungGen      total 290304K, used 271309K [0x000000076ab00000, 0x0000000790a00000, 0x00000007c0000000)
  eden space 261120K, 100% used [0x000000076ab00000,0x000000077aa00000,0x000000077aa00000)
  from space 29184K, 34% used [0x000000077aa00000,0x000000077b3f3628,0x000000077c680000)
  to   space 49664K, 0% used [0x000000078d980000,0x000000078d980000,0x0000000790a00000)
 ParOldGen       total 171008K, used 87525K [0x00000006c0000000, 0x00000006ca700000, 0x000000076ab00000)
  object space 171008K, 51% used [0x00000006c0000000,0x00000006c55797f0,0x00000006ca700000)
 Metaspace       used 6525K, capacity 7218K, committed 7296K, reserved 1056768K
  class space    used 598K, capacity 618K, committed 640K, reserved 1048576K
Event: 4.942 GC heap after
Heap after GC invocations=9 (full 1):
 PSYoungGen      total 405504K, used 49648K [0x000000076ab00000, 0x0000000790a00000, 0x00000007c0000000)
  eden space 355840K, 0% used [0x000000076ab00000,0x000000076ab00000,0x0000000780680000)
  from space 49664K, 99% used [0x000000078d980000,0x00000007909fc298,0x0000000790a00000)
  to   space 58368K, 0% used [0x0000000789800000,0x0000000789800000,0x000000078d100000)
 ParOldGen       total 171008K, used 87584K [0x00000006c0000000, 0x00000006ca700000, 0x000000076ab00000)
  object space 171008K, 51% used [0x00000006c0000000,0x00000006c55880d0,0x00000006ca700000)
 Metaspace       used 6525K, capacity 7218K, committed 7296K, reserved 1056768K
  class space    used 598K, capacity 618K, committed 640K, reserved 1048576K
}
Event: 5.995 GC heap before
{Heap before GC invocations=10 (full 1):
 PSYoungGen      total 405504K, used 405488K [0x000000076ab00000, 0x0000000790a00000, 0x00000007c0000000)
  eden space 355840K, 100% used [0x000000076ab00000,0x0000000780680000,0x0000000780680000)
  from space 49664K, 99% used [0x000000078d980000,0x00000007909fc298,0x0000000790a00000)
  to   space 58368K, 0% used [0x0000000789800000,0x0000000789800000,0x000000078d100000)
 ParOldGen       total 171008K, used 87584K [0x00000006c0000000, 0x00000006ca700000, 0x000000076ab00000)
  object space 171008K, 51% used [0x00000006c0000000,0x00000006c55880d0,0x00000006ca700000)
 Metaspace       used 6559K, capacity 7282K, committed 7552K, reserved 1056768K
  class space    used 598K, capacity 618K, committed 640K, reserved 1048576K
Event: 6.119 GC heap after
Heap after GC invocations=10 (full 1):
 PSYoungGen      total 496128K, used 58345K [0x000000076ab00000, 0x000000078fd80000, 0x00000007c0000000)
  eden space 437760K, 0% used [0x000000076ab00000,0x000000076ab00000,0x0000000785680000)
  from space 58368K, 99% used [0x0000000789800000,0x000000078d0fa7d8,0x000000078d100000)
  to   space 45568K, 0% used [0x000000078d100000,0x000000078d100000,0x000000078fd80000)
 ParOldGen       total 171008K, used 129589K [0x00000006c0000000, 0x00000006ca700000, 0x000000076ab00000)
  object space 171008K, 75% used [0x00000006c0000000,0x00000006c7e8d6e8,0x00000006ca700000)
 Metaspace       used 6559K, capacity 7282K, committed 7552K, reserved 1056768K
  class space    used 598K, capacity 618K, committed 640K, reserved 1048576K
}
Event: 7.344 GC heap before
{Heap before GC invocations=11 (full 1):
 PSYoungGen      total 496128K, used 496105K [0x000000076ab00000, 0x000000078fd80000, 0x00000007c0000000)
  eden space 437760K, 100% used [0x000000076ab00000,0x0000000785680000,0x0000000785680000)
  from space 58368K, 99% used [0x0000000789800000,0x000000078d0fa7d8,0x000000078d100000)
  to   space 45568K, 0% used [0x000000078d100000,0x000000078d100000,0x000000078fd80000)
 ParOldGen       total 171008K, used 129589K [0x00000006c0000000, 0x00000006ca700000, 0x000000076ab00000)
  object space 171008K, 75% used [0x00000006c0000000,0x00000006c7e8d6e8,0x00000006ca700000)
 Metaspace       used 6570K, capacity 7282K, committed 7552K, reserved 1056768K
  class space    used 599K, capacity 618K, committed 640K, reserved 1048576K
Event: 7.468 GC heap after
Heap after GC invocations=11 (full 1):
 PSYoungGen      total 494592K, used 45565K [0x000000076ab00000, 0x0000000799900000, 0x00000007c0000000)
  eden space 449024K, 0% used [0x000000076ab00000,0x000000076ab00000,0x0000000786180000)
  from space 45568K, 99% used [0x000000078d100000,0x000000078fd7f6a8,0x000000078fd80000)
  to   space 114176K, 0% used [0x0000000786180000,0x0000000786180000,0x000000078d100000)
 ParOldGen       total 209408K, used 208998K [0x00000006c0000000, 0x00000006ccc80000, 0x000000076ab00000)
  object space 209408K, 99% used [0x00000006c0000000,0x00000006ccc19ab0,0x00000006ccc80000)
 Metaspace       used 6570K, capacity 7282K, committed 7552K, reserved 1056768K
  class space    used 599K, capacity 618K, committed 640K, reserved 1048576K
}
Event: 7.468 GC heap before
{Heap before GC invocations=12 (full 2):
 PSYoungGen      total 494592K, used 45565K [0x000000076ab00000, 0x0000000799900000, 0x00000007c0000000)
  eden space 449024K, 0% used [0x000000076ab00000,0x000000076ab00000,0x0000000786180000)
  from space 45568K, 99% used [0x000000078d100000,0x000000078fd7f6a8,0x000000078fd80000)
  to   space 114176K, 0% used [0x0000000786180000,0x0000000786180000,0x000000078d100000)
 ParOldGen       total 209408K, used 208998K [0x00000006c0000000, 0x00000006ccc80000, 0x000000076ab00000)
  object space 209408K, 99% used [0x00000006c0000000,0x00000006ccc19ab0,0x00000006ccc80000)
 Metaspace       used 6570K, capacity 7282K, committed 7552K, reserved 1056768K
  class space    used 599K, capacity 618K, committed 640K, reserved 1048576K
Event: 8.517 GC heap after
Heap after GC invocations=12 (full 2):
 PSYoungGen      total 494592K, used 38776K [0x000000076ab00000, 0x0000000799900000, 0x00000007c0000000)
  eden space 449024K, 0% used [0x000000076ab00000,0x000000076ab00000,0x0000000786180000)
  from space 45568K, 85% used [0x000000078d100000,0x000000078f6de1e8,0x000000078fd80000)
  to   space 114176K, 0% used [0x0000000786180000,0x0000000786180000,0x000000078d100000)
 ParOldGen       total 363008K, used 209135K [0x00000006c0000000, 0x00000006d6280000, 0x000000076ab00000)
  object space 363008K, 57% used [0x00000006c0000000,0x00000006ccc3be10,0x00000006d6280000)
 Metaspace       used 6570K, capacity 7282K, committed 7552K, reserved 1056768K
  class space    used 599K, capacity 618K, committed 640K, reserved 1048576K
}
Event: 9.873 GC heap before
{Heap before GC invocations=13 (full 2):
 PSYoungGen      total 494592K, used 487800K [0x000000076ab00000, 0x0000000799900000, 0x00000007c0000000)
  eden space 449024K, 100% used [0x000000076ab00000,0x0000000786180000,0x0000000786180000)
  from space 45568K, 85% used [0x000000078d100000,0x000000078f6de1e8,0x000000078fd80000)
  to   space 114176K, 0% used [0x0000000786180000,0x0000000786180000,0x000000078d100000)
 ParOldGen       total 363008K, used 209135K [0x00000006c0000000, 0x00000006d6280000, 0x000000076ab00000)
  object space 363008K, 57% used [0x00000006c0000000,0x00000006ccc3be10,0x00000006d6280000)
 Metaspace       used 6582K, capacity 7282K, committed 7552K, reserved 1056768K
  class space    used 600K, capacity 618K, committed 640K, reserved 1048576K

