# JRE version: OpenJDK Runtime Environment (8.0_112-b06) (build 1.8.0_112-release-b06)
# Java VM: OpenJDK 64-Bit Server VM (25.112-b06 mixed mode windows-amd64 compressed oops)
Heap:
 PSYoungGen      total 497152K, used 433152K [0x000000076ab00000, 0x0000000790000000, 0x00000007c0000000)
  eden space 433152K, 100% used [0x000000076ab00000,0x0000000785200000,0x0000000785200000)
  from space 64000K, 0% used [0x0000000789200000,0x0000000789200000,0x000000078d080000)
  to   space 48640K, 83% used [0x000000078d080000,0x000000078f84ba68,0x0000000790000000)
 ParOldGen       total 333312K, used 206312K [0x00000006c0000000, 0x00000006d4580000, 0x000000076ab00000)
  object space 333312K, 61% used [0x00000006c0000000,0x00000006cc97a238,0x00000006d4580000)
 Metaspace       used 6580K, capacity 7282K, committed 7552K, reserved 1056768K
  class space    used 599K, capacity 618K, committed 640K, reserved 1048576K
GC Heap History (10 events):
Event: 3.894 GC heap after
Heap after GC invocations=8 (full 1):
 PSYoungGen      total 292352K, used 14263K [0x000000076ab00000, 0x0000000790f00000, 0x00000007c0000000)
  eden space 261120K, 0% used [0x000000076ab00000,0x000000076ab00000,0x000000077aa00000)
  from space 31232K, 45% used [0x000000077aa00000,0x000000077b7ede48,0x000000077c880000)
  to   space 52224K, 0% used [0x000000078dc00000,0x000000078dc00000,0x0000000790f00000)
 ParOldGen       total 172032K, used 87512K [0x00000006c0000000, 0x00000006ca800000, 0x000000076ab00000)
  object space 172032K, 50% used [0x00000006c0000000,0x00000006c55760a8,0x00000006ca800000)
 Metaspace       used 6514K, capacity 7218K, committed 7296K, reserved 1056768K
  class space    used 598K, capacity 618K, committed 640K, reserved 1048576K
}
Event: 4.653 GC heap before
{Heap before GC invocations=9 (full 1):
 PSYoungGen      total 292352K, used 275383K [0x000000076ab00000, 0x0000000790f00000, 0x00000007c0000000)
  eden space 261120K, 100% used [0x000000076ab00000,0x000000077aa00000,0x000000077aa00000)
  from space 31232K, 45% used [0x000000077aa00000,0x000000077b7ede48,0x000000077c880000)
  to   space 52224K, 0% used [0x000000078dc00000,0x000000078dc00000,0x0000000790f00000)
 ParOldGen       total 172032K, used 87512K [0x00000006c0000000, 0x00000006ca800000, 0x000000076ab00000)
  object space 172032K, 50% used [0x00000006c0000000,0x00000006c55760a8,0x00000006ca800000)
 Metaspace       used 6543K, capacity 7282K, committed 7552K, reserved 1056768K
  class space    used 599K, capacity 618K, committed 640K, reserved 1048576K
Event: 4.720 GC heap after
Heap after GC invocations=9 (full 1):
 PSYoungGen      total 403456K, used 52199K [0x000000076ab00000, 0x0000000790f00000, 0x00000007c0000000)
  eden space 351232K, 0% used [0x000000076ab00000,0x000000076ab00000,0x0000000780200000)
  from space 52224K, 99% used [0x000000078dc00000,0x0000000790ef9dc8,0x0000000790f00000)
  to   space 64000K, 0% used [0x0000000789200000,0x0000000789200000,0x000000078d080000)
 ParOldGen       total 172032K, used 92527K [0x00000006c0000000, 0x00000006ca800000, 0x000000076ab00000)
  object space 172032K, 53% used [0x00000006c0000000,0x00000006c5a5bc00,0x00000006ca800000)
 Metaspace       used 6543K, capacity 7282K, committed 7552K, reserved 1056768K
  class space    used 599K, capacity 618K, committed 640K, reserved 1048576K
}
Event: 5.665 GC heap before
{Heap before GC invocations=10 (full 1):
 PSYoungGen      total 403456K, used 403431K [0x000000076ab00000, 0x0000000790f00000, 0x00000007c0000000)
  eden space 351232K, 100% used [0x000000076ab00000,0x0000000780200000,0x0000000780200000)
  from space 52224K, 99% used [0x000000078dc00000,0x0000000790ef9dc8,0x0000000790f00000)
  to   space 64000K, 0% used [0x0000000789200000,0x0000000789200000,0x000000078d080000)
 ParOldGen       total 172032K, used 92527K [0x00000006c0000000, 0x00000006ca800000, 0x000000076ab00000)
  object space 172032K, 53% used [0x00000006c0000000,0x00000006c5a5bc00,0x00000006ca800000)
 Metaspace       used 6554K, capacity 7282K, committed 7552K, reserved 1056768K
  class space    used 599K, capacity 618K, committed 640K, reserved 1048576K
Event: 5.804 GC heap after
Heap after GC invocations=10 (full 1):
 PSYoungGen      total 497152K, used 63987K [0x000000076ab00000, 0x0000000790000000, 0x00000007c0000000)
  eden space 433152K, 0% used [0x000000076ab00000,0x000000076ab00000,0x0000000785200000)
  from space 64000K, 99% used [0x0000000789200000,0x000000078d07cf10,0x000000078d080000)
  to   space 48640K, 0% used [0x000000078d080000,0x000000078d080000,0x0000000790000000)
 ParOldGen       total 172032K, used 127841K [0x00000006c0000000, 0x00000006ca800000, 0x000000076ab00000)
  object space 172032K, 74% used [0x00000006c0000000,0x00000006c7cd85d0,0x00000006ca800000)
 Metaspace       used 6554K, capacity 7282K, committed 7552K, reserved 1056768K
  class space    used 599K, capacity 618K, committed 640K, reserved 1048576K
}
Event: 6.979 GC heap before
{Heap before GC invocations=11 (full 1):
 PSYoungGen      total 497152K, used 497139K [0x000000076ab00000, 0x0000000790000000, 0x00000007c0000000)
  eden space 433152K, 100% used [0x000000076ab00000,0x0000000785200000,0x0000000785200000)
  from space 64000K, 99% used [0x0000000789200000,0x000000078d07cf10,0x000000078d080000)
  to   space 48640K, 0% used [0x000000078d080000,0x000000078d080000,0x0000000790000000)
 ParOldGen       total 172032K, used 127841K [0x00000006c0000000, 0x00000006ca800000, 0x000000076ab00000)
  object space 172032K, 74% used [0x00000006c0000000,0x00000006c7cd85d0,0x00000006ca800000)
 Metaspace       used 6575K, capacity 7282K, committed 7552K, reserved 1056768K
  class space    used 599K, capacity 618K, committed 640K, reserved 1048576K
Event: 7.270 GC heap after
Heap after GC invocations=11 (full 1):
 PSYoungGen      total 497152K, used 497139K [0x000000076ab00000, 0x0000000790000000, 0x00000007c0000000)
  eden space 433152K, 100% used [0x000000076ab00000,0x0000000785200000,0x0000000785200000)
  from space 64000K, 99% used [0x0000000789200000,0x000000078d07cf10,0x000000078d080000)
  to   space 48640K, 99% used [0x000000078d080000,0x000000078fffc0c0,0x0000000790000000)
 ParOldGen       total 206336K, used 206292K [0x00000006c0000000, 0x00000006cc980000, 0x000000076ab00000)
  object space 206336K, 99% used [0x00000006c0000000,0x00000006cc975108,0x00000006cc980000)
 Metaspace       used 6575K, capacity 7282K, committed 7552K, reserved 1056768K
  class space    used 599K, capacity 618K, committed 640K, reserved 1048576K
}
Event: 7.270 GC heap before
{Heap before GC invocations=12 (full 2):
 PSYoungGen      total 497152K, used 497139K [0x000000076ab00000, 0x0000000790000000, 0x00000007c0000000)
  eden space 433152K, 100% used [0x000000076ab00000,0x0000000785200000,0x0000000785200000)
  from space 64000K, 99% used [0x0000000789200000,0x000000078d07cf10,0x000000078d080000)
  to   space 48640K, 99% used [0x000000078d080000,0x000000078fffc0c0,0x0000000790000000)
 ParOldGen       total 206336K, used 206292K [0x00000006c0000000, 0x00000006cc980000, 0x000000076ab00000)
  object space 206336K, 99% used [0x00000006c0000000,0x00000006cc975108,0x00000006cc980000)
 Metaspace       used 6575K, capacity 7282K, committed 7552K, reserved 1056768K
  class space    used 599K, capacity 618K, committed 640K, reserved 1048576K
Event: 8.540 GC heap after
Heap after GC invocations=12 (full 2):
 PSYoungGen      total 497152K, used 0K [0x000000076ab00000, 0x0000000790000000, 0x00000007c0000000)
  eden space 433152K, 0% used [0x000000076ab00000,0x000000076ab00000,0x0000000785200000)
  from space 64000K, 0% used [0x0000000789200000,0x0000000789200000,0x000000078d080000)
  to   space 48640K, 83% used [0x000000078d080000,0x000000078f84ba68,0x0000000790000000)
 ParOldGen       total 333312K, used 206312K [0x00000006c0000000, 0x00000006d4580000, 0x000000076ab00000)
  object space 333312K, 61% used [0x00000006c0000000,0x00000006cc97a238,0x00000006d4580000)
 Metaspace       used 6575K, capacity 7282K, committed 7552K, reserved 1056768K
  class space    used 599K, capacity 618K, committed 640K, reserved 1048576K
}
Event: 9.983 GC heap before
{Heap before GC invocations=13 (full 3):
 PSYoungGen      total 497152K, used 433152K [0x000000076ab00000, 0x0000000790000000, 0x00000007c0000000)
  eden space 433152K, 100% used [0x000000076ab00000,0x0000000785200000,0x0000000785200000)
  from space 64000K, 0% used [0x0000000789200000,0x0000000789200000,0x000000078d080000)
  to   space 48640K, 83% used [0x000000078d080000,0x000000078f84ba68,0x0000000790000000)
 ParOldGen       total 333312K, used 206312K [0x00000006c0000000, 0x00000006d4580000, 0x000000076ab00000)
  object space 333312K, 61% used [0x00000006c0000000,0x00000006cc97a238,0x00000006d4580000)
 Metaspace       used 6580K, capacity 7282K, committed 7552K, reserved 1056768K
  class space    used 599K, capacity 618K, committed 640K, reserved 1048576K

