# JRE version: OpenJDK Runtime Environment (8.0_112-b06) (build 1.8.0_112-release-b06)
# Java VM: OpenJDK 64-Bit Server VM (25.112-b06 mixed mode windows-amd64 compressed oops)
Heap:
 PSYoungGen      total 452608K, used 262798K [0x000000076ab00000, 0x000000078dc00000, 0x00000007c0000000)
  eden space 394240K, 66% used [0x000000076ab00000,0x000000077aba38b8,0x0000000782c00000)
  from space 58368K, 0% used [0x0000000789a00000,0x0000000789a00000,0x000000078d300000)
  to   space 9216K, 0% used [0x000000078d300000,0x000000078d300000,0x000000078dc00000)
 ParOldGen       total 468992K, used 293006K [0x00000006c0000000, 0x00000006dca00000, 0x000000076ab00000)
  object space 468992K, 62% used [0x00000006c0000000,0x00000006d1e23840,0x00000006dca00000)
 Metaspace       used 6598K, capacity 7284K, committed 7552K, reserved 1056768K
  class space    used 602K, capacity 620K, committed 640K, reserved 1048576K
GC Heap History (10 events):
Event: 5.816 GC heap before
{Heap before GC invocations=9 (full 1):
 PSYoungGen      total 291328K, used 272344K [0x000000076ab00000, 0x0000000790c00000, 0x00000007c0000000)
  eden space 262144K, 100% used [0x000000076ab00000,0x000000077ab00000,0x000000077ab00000)
  from space 29184K, 34% used [0x000000077ab00000,0x000000077b4f6260,0x000000077c780000)
  to   space 49664K, 0% used [0x000000078db80000,0x000000078db80000,0x0000000790c00000)
 ParOldGen       total 174080K, used 87251K [0x00000006c0000000, 0x00000006caa00000, 0x000000076ab00000)
  object space 174080K, 50% used [0x00000006c0000000,0x00000006c5534d30,0x00000006caa00000)
 Metaspace       used 6502K, capacity 7218K, committed 7296K, reserved 1056768K
  class space    used 598K, capacity 618K, committed 640K, reserved 1048576K
Event: 5.934 GC heap after
Heap after GC invocations=9 (full 1):
 PSYoungGen      total 380928K, used 49566K [0x000000076ab00000, 0x0000000790c00000, 0x00000007c0000000)
  eden space 331264K, 0% used [0x000000076ab00000,0x000000076ab00000,0x000000077ee80000)
  from space 49664K, 99% used [0x000000078db80000,0x0000000790be7b48,0x0000000790c00000)
  to   space 58368K, 0% used [0x0000000789a00000,0x0000000789a00000,0x000000078d300000)
 ParOldGen       total 174080K, used 87275K [0x00000006c0000000, 0x00000006caa00000, 0x000000076ab00000)
  object space 174080K, 50% used [0x00000006c0000000,0x00000006c553ad30,0x00000006caa00000)
 Metaspace       used 6502K, capacity 7218K, committed 7296K, reserved 1056768K
  class space    used 598K, capacity 618K, committed 640K, reserved 1048576K
}
Event: 6.971 GC heap before
{Heap before GC invocations=10 (full 1):
 PSYoungGen      total 380928K, used 380830K [0x000000076ab00000, 0x0000000790c00000, 0x00000007c0000000)
  eden space 331264K, 100% used [0x000000076ab00000,0x000000077ee80000,0x000000077ee80000)
  from space 49664K, 99% used [0x000000078db80000,0x0000000790be7b48,0x0000000790c00000)
  to   space 58368K, 0% used [0x0000000789a00000,0x0000000789a00000,0x000000078d300000)
 ParOldGen       total 174080K, used 87275K [0x00000006c0000000, 0x00000006caa00000, 0x000000076ab00000)
  object space 174080K, 50% used [0x00000006c0000000,0x00000006c553ad30,0x00000006caa00000)
 Metaspace       used 6506K, capacity 7218K, committed 7296K, reserved 1056768K
  class space    used 598K, capacity 618K, committed 640K, reserved 1048576K
Event: 7.180 GC heap after
Heap after GC invocations=10 (full 1):
 PSYoungGen      total 452608K, used 58361K [0x000000076ab00000, 0x000000078dc00000, 0x00000007c0000000)
  eden space 394240K, 0% used [0x000000076ab00000,0x000000076ab00000,0x0000000782c00000)
  from space 58368K, 99% used [0x0000000789a00000,0x000000078d2fe628,0x000000078d300000)
  to   space 9216K, 0% used [0x000000078d300000,0x000000078d300000,0x000000078dc00000)
 ParOldGen       total 174080K, used 124660K [0x00000006c0000000, 0x00000006caa00000, 0x000000076ab00000)
  object space 174080K, 71% used [0x00000006c0000000,0x00000006c79bd3e8,0x00000006caa00000)
 Metaspace       used 6506K, capacity 7218K, committed 7296K, reserved 1056768K
  class space    used 598K, capacity 618K, committed 640K, reserved 1048576K
}
Event: 8.374 GC heap before
{Heap before GC invocations=11 (full 1):
 PSYoungGen      total 452608K, used 452601K [0x000000076ab00000, 0x000000078dc00000, 0x00000007c0000000)
  eden space 394240K, 100% used [0x000000076ab00000,0x0000000782c00000,0x0000000782c00000)
  from space 58368K, 99% used [0x0000000789a00000,0x000000078d2fe628,0x000000078d300000)
  to   space 9216K, 0% used [0x000000078d300000,0x000000078d300000,0x000000078dc00000)
 ParOldGen       total 174080K, used 124660K [0x00000006c0000000, 0x00000006caa00000, 0x000000076ab00000)
  object space 174080K, 71% used [0x00000006c0000000,0x00000006c79bd3e8,0x00000006caa00000)
 Metaspace       used 6521K, capacity 7282K, committed 7552K, reserved 1056768K
  class space    used 598K, capacity 618K, committed 640K, reserved 1048576K
Event: 8.714 GC heap after
Heap after GC invocations=11 (full 1):
 PSYoungGen      total 452608K, used 452601K [0x000000076ab00000, 0x000000078dc00000, 0x00000007c0000000)
  eden space 394240K, 100% used [0x000000076ab00000,0x0000000782c00000,0x0000000782c00000)
  from space 58368K, 99% used [0x0000000789a00000,0x000000078d2fe628,0x000000078d300000)
  to   space 9216K, 99% used [0x000000078d300000,0x000000078dbfe558,0x000000078dc00000)
 ParOldGen       total 224768K, used 224514K [0x00000006c0000000, 0x00000006cdb80000, 0x000000076ab00000)
  object space 224768K, 99% used [0x00000006c0000000,0x00000006cdb40a60,0x00000006cdb80000)
 Metaspace       used 6521K, capacity 7282K, committed 7552K, reserved 1056768K
  class space    used 598K, capacity 618K, committed 640K, reserved 1048576K
}
Event: 8.714 GC heap before
{Heap before GC invocations=12 (full 2):
 PSYoungGen      total 452608K, used 452601K [0x000000076ab00000, 0x000000078dc00000, 0x00000007c0000000)
  eden space 394240K, 100% used [0x000000076ab00000,0x0000000782c00000,0x0000000782c00000)
  from space 58368K, 99% used [0x0000000789a00000,0x000000078d2fe628,0x000000078d300000)
  to   space 9216K, 99% used [0x000000078d300000,0x000000078dbfe558,0x000000078dc00000)
 ParOldGen       total 224768K, used 224514K [0x00000006c0000000, 0x00000006cdb80000, 0x000000076ab00000)
  object space 224768K, 99% used [0x00000006c0000000,0x00000006cdb40a60,0x00000006cdb80000)
 Metaspace       used 6521K, capacity 7282K, committed 7552K, reserved 1056768K
  class space    used 598K, capacity 618K, committed 640K, reserved 1048576K
Event: 10.201 GC heap after
Heap after GC invocations=12 (full 2):
 PSYoungGen      total 452608K, used 0K [0x000000076ab00000, 0x000000078dc00000, 0x00000007c0000000)
  eden space 394240K, 0% used [0x000000076ab00000,0x000000076ab00000,0x0000000782c00000)
  from space 58368K, 0% used [0x0000000789a00000,0x0000000789a00000,0x000000078d300000)
  to   space 9216K, 82% used [0x000000078d300000,0x000000078da76d98,0x000000078dc00000)
 ParOldGen       total 358912K, used 224516K [0x00000006c0000000, 0x00000006d5e80000, 0x000000076ab00000)
  object space 358912K, 62% used [0x00000006c0000000,0x00000006cdb41310,0x00000006d5e80000)
 Metaspace       used 6521K, capacity 7282K, committed 7552K, reserved 1056768K
  class space    used 598K, capacity 618K, committed 640K, reserved 1048576K
}
Event: 11.444 GC heap before
{Heap before GC invocations=13 (full 3):
 PSYoungGen      total 452608K, used 394240K [0x000000076ab00000, 0x000000078dc00000, 0x00000007c0000000)
  eden space 394240K, 100% used [0x000000076ab00000,0x0000000782c00000,0x0000000782c00000)
  from space 58368K, 0% used [0x0000000789a00000,0x0000000789a00000,0x000000078d300000)
  to   space 9216K, 82% used [0x000000078d300000,0x000000078da76d98,0x000000078dc00000)
 ParOldGen       total 358912K, used 224516K [0x00000006c0000000, 0x00000006d5e80000, 0x000000076ab00000)
  object space 358912K, 62% used [0x00000006c0000000,0x00000006cdb41310,0x00000006d5e80000)
 Metaspace       used 6583K, capacity 7282K, committed 7552K, reserved 1056768K
  class space    used 599K, capacity 618K, committed 640K, reserved 1048576K
Event: 12.685 GC heap after
Heap after GC invocations=13 (full 3):
 PSYoungGen      total 452608K, used 0K [0x000000076ab00000, 0x000000078dc00000, 0x00000007c0000000)
  eden space 394240K, 0% used [0x000000076ab00000,0x000000076ab00000,0x0000000782c00000)
  from space 58368K, 0% used [0x0000000789a00000,0x0000000789a00000,0x000000078d300000)
  to   space 9216K, 0% used [0x000000078d300000,0x000000078d300000,0x000000078dc00000)
 ParOldGen       total 468992K, used 293006K [0x00000006c0000000, 0x00000006dca00000, 0x000000076ab00000)
  object space 468992K, 62% used [0x00000006c0000000,0x00000006d1e23840,0x00000006dca00000)
 Metaspace       used 6583K, capacity 7282K, committed 7552K, reserved 1056768K
  class space    used 599K, capacity 618K, committed 640K, reserved 1048576K
}

