# JRE version: OpenJDK Runtime Environment (8.0_112-b06) (build 1.8.0_112-release-b06)
# Java VM: OpenJDK 64-Bit Server VM (25.112-b06 mixed mode windows-amd64 compressed oops)
Heap:
 PSYoungGen      total 488960K, used 488959K [0x000000076ab00000, 0x000000078f580000, 0x00000007c0000000)
  eden space 430592K, 100% used [0x000000076ab00000,0x0000000784f80000,0x0000000784f80000)
  from space 58368K, 99% used [0x0000000789a00000,0x000000078d2ffe20,0x000000078d300000)
  to   space 35328K, 99% used [0x000000078d300000,0x000000078f579c10,0x000000078f580000)
 ParOldGen       total 188928K, used 188648K [0x00000006c0000000, 0x00000006cb880000, 0x000000076ab00000)
  object space 188928K, 99% used [0x00000006c0000000,0x00000006cb83e068,0x00000006cb880000)
 Metaspace       used 6567K, capacity 7282K, committed 7552K, reserved 1056768K
  class space    used 599K, capacity 618K, committed 640K, reserved 1048576K
GC Heap History (10 events):
Event: 2.335 GC heap after
Heap after GC invocations=6 (full 0):
 PSYoungGen      total 287232K, used 24517K [0x000000076ab00000, 0x000000077e800000, 0x00000007c0000000)
  eden space 262144K, 0% used [0x000000076ab00000,0x000000076ab00000,0x000000077ab00000)
  from space 25088K, 97% used [0x000000077c780000,0x000000077df717e8,0x000000077e000000)
  to   space 29184K, 0% used [0x000000077ab00000,0x000000077ab00000,0x000000077c780000)
 ParOldGen       total 87552K, used 43043K [0x00000006c0000000, 0x00000006c5580000, 0x000000076ab00000)
  object space 87552K, 49% used [0x00000006c0000000,0x00000006c2a08f98,0x00000006c5580000)
 Metaspace       used 6504K, capacity 7218K, committed 7296K, reserved 1056768K
  class space    used 598K, capacity 618K, committed 640K, reserved 1048576K
}
Event: 3.191 GC heap before
{Heap before GC invocations=7 (full 0):
 PSYoungGen      total 287232K, used 286661K [0x000000076ab00000, 0x000000077e800000, 0x00000007c0000000)
  eden space 262144K, 100% used [0x000000076ab00000,0x000000077ab00000,0x000000077ab00000)
  from space 25088K, 97% used [0x000000077c780000,0x000000077df717e8,0x000000077e000000)
  to   space 29184K, 0% used [0x000000077ab00000,0x000000077ab00000,0x000000077c780000)
 ParOldGen       total 87552K, used 43043K [0x00000006c0000000, 0x00000006c5580000, 0x000000076ab00000)
  object space 87552K, 49% used [0x00000006c0000000,0x00000006c2a08f98,0x00000006c5580000)
 Metaspace       used 6523K, capacity 7218K, committed 7296K, reserved 1056768K
  class space    used 598K, capacity 618K, committed 640K, reserved 1048576K
Event: 3.259 GC heap after
Heap after GC invocations=7 (full 0):
 PSYoungGen      total 291328K, used 29181K [0x000000076ab00000, 0x0000000790c00000, 0x00000007c0000000)
  eden space 262144K, 0% used [0x000000076ab00000,0x000000076ab00000,0x000000077ab00000)
  from space 29184K, 99% used [0x000000077ab00000,0x000000077c77f7b0,0x000000077c780000)
  to   space 49664K, 0% used [0x000000078db80000,0x000000078db80000,0x0000000790c00000)
 ParOldGen       total 87552K, used 73323K [0x00000006c0000000, 0x00000006c5580000, 0x000000076ab00000)
  object space 87552K, 83% used [0x00000006c0000000,0x00000006c479add8,0x00000006c5580000)
 Metaspace       used 6523K, capacity 7218K, committed 7296K, reserved 1056768K
  class space    used 598K, capacity 618K, committed 640K, reserved 1048576K
}
Event: 3.259 GC heap before
{Heap before GC invocations=8 (full 1):
 PSYoungGen      total 291328K, used 29181K [0x000000076ab00000, 0x0000000790c00000, 0x00000007c0000000)
  eden space 262144K, 0% used [0x000000076ab00000,0x000000076ab00000,0x000000077ab00000)
  from space 29184K, 99% used [0x000000077ab00000,0x000000077c77f7b0,0x000000077c780000)
  to   space 49664K, 0% used [0x000000078db80000,0x000000078db80000,0x0000000790c00000)
 ParOldGen       total 87552K, used 73323K [0x00000006c0000000, 0x00000006c5580000, 0x000000076ab00000)
  object space 87552K, 83% used [0x00000006c0000000,0x00000006c479add8,0x00000006c5580000)
 Metaspace       used 6523K, capacity 7218K, committed 7296K, reserved 1056768K
  class space    used 598K, capacity 618K, committed 640K, reserved 1048576K
Event: 3.770 GC heap after
Heap after GC invocations=8 (full 1):
 PSYoungGen      total 291328K, used 10202K [0x000000076ab00000, 0x0000000790c00000, 0x00000007c0000000)
  eden space 262144K, 0% used [0x000000076ab00000,0x000000076ab00000,0x000000077ab00000)
  from space 29184K, 34% used [0x000000077ab00000,0x000000077b4f6b70,0x000000077c780000)
  to   space 49664K, 0% used [0x000000078db80000,0x000000078db80000,0x0000000790c00000)
 ParOldGen       total 172032K, used 87123K [0x00000006c0000000, 0x00000006ca800000, 0x000000076ab00000)
  object space 172032K, 50% used [0x00000006c0000000,0x00000006c5514fa0,0x00000006ca800000)
 Metaspace       used 6523K, capacity 7218K, committed 7296K, reserved 1056768K
  class space    used 598K, capacity 618K, committed 640K, reserved 1048576K
}
Event: 4.529 GC heap before
{Heap before GC invocations=9 (full 1):
 PSYoungGen      total 291328K, used 272346K [0x000000076ab00000, 0x0000000790c00000, 0x00000007c0000000)
  eden space 262144K, 100% used [0x000000076ab00000,0x000000077ab00000,0x000000077ab00000)
  from space 29184K, 34% used [0x000000077ab00000,0x000000077b4f6b70,0x000000077c780000)
  to   space 49664K, 0% used [0x000000078db80000,0x000000078db80000,0x0000000790c00000)
 ParOldGen       total 172032K, used 87123K [0x00000006c0000000, 0x00000006ca800000, 0x000000076ab00000)
  object space 172032K, 50% used [0x00000006c0000000,0x00000006c5514fa0,0x00000006ca800000)
 Metaspace       used 6530K, capacity 7282K, committed 7552K, reserved 1056768K
  class space    used 598K, capacity 618K, committed 640K, reserved 1048576K
Event: 4.597 GC heap after
Heap after GC invocations=9 (full 1):
 PSYoungGen      total 402432K, used 49251K [0x000000076ab00000, 0x0000000790c00000, 0x00000007c0000000)
  eden space 352768K, 0% used [0x000000076ab00000,0x000000076ab00000,0x0000000780380000)
  from space 49664K, 99% used [0x000000078db80000,0x0000000790b98dd0,0x0000000790c00000)
  to   space 58368K, 0% used [0x0000000789a00000,0x0000000789a00000,0x000000078d300000)
 ParOldGen       total 172032K, used 87123K [0x00000006c0000000, 0x00000006ca800000, 0x000000076ab00000)
  object space 172032K, 50% used [0x00000006c0000000,0x00000006c5514fa0,0x00000006ca800000)
 Metaspace       used 6530K, capacity 7282K, committed 7552K, reserved 1056768K
  class space    used 598K, capacity 618K, committed 640K, reserved 1048576K
}
Event: 5.524 GC heap before
{Heap before GC invocations=10 (full 1):
 PSYoungGen      total 402432K, used 402019K [0x000000076ab00000, 0x0000000790c00000, 0x00000007c0000000)
  eden space 352768K, 100% used [0x000000076ab00000,0x0000000780380000,0x0000000780380000)
  from space 49664K, 99% used [0x000000078db80000,0x0000000790b98dd0,0x0000000790c00000)
  to   space 58368K, 0% used [0x0000000789a00000,0x0000000789a00000,0x000000078d300000)
 ParOldGen       total 172032K, used 87123K [0x00000006c0000000, 0x00000006ca800000, 0x000000076ab00000)
  object space 172032K, 50% used [0x00000006c0000000,0x00000006c5514fa0,0x00000006ca800000)
 Metaspace       used 6558K, capacity 7282K, committed 7552K, reserved 1056768K
  class space    used 598K, capacity 618K, committed 640K, reserved 1048576K
Event: 5.627 GC heap after
Heap after GC invocations=10 (full 1):
 PSYoungGen      total 488960K, used 58367K [0x000000076ab00000, 0x000000078f580000, 0x00000007c0000000)
  eden space 430592K, 0% used [0x000000076ab00000,0x000000076ab00000,0x0000000784f80000)
  from space 58368K, 99% used [0x0000000789a00000,0x000000078d2ffe20,0x000000078d300000)
  to   space 35328K, 0% used [0x000000078d300000,0x000000078d300000,0x000000078f580000)
 ParOldGen       total 172032K, used 128679K [0x00000006c0000000, 0x00000006ca800000, 0x000000076ab00000)
  object space 172032K, 74% used [0x00000006c0000000,0x00000006c7da9d10,0x00000006ca800000)
 Metaspace       used 6558K, capacity 7282K, committed 7552K, reserved 1056768K
  class space    used 598K, capacity 618K, committed 640K, reserved 1048576K
}
Event: 6.769 GC heap before
{Heap before GC invocations=11 (full 1):
 PSYoungGen      total 488960K, used 488959K [0x000000076ab00000, 0x000000078f580000, 0x00000007c0000000)
  eden space 430592K, 100% used [0x000000076ab00000,0x0000000784f80000,0x0000000784f80000)
  from space 58368K, 99% used [0x0000000789a00000,0x000000078d2ffe20,0x000000078d300000)
  to   space 35328K, 0% used [0x000000078d300000,0x000000078d300000,0x000000078f580000)
 ParOldGen       total 172032K, used 128679K [0x00000006c0000000, 0x00000006ca800000, 0x000000076ab00000)
  object space 172032K, 74% used [0x00000006c0000000,0x00000006c7da9d10,0x00000006ca800000)
 Metaspace       used 6567K, capacity 7282K, committed 7552K, reserved 1056768K
  class space    used 599K, capacity 618K, committed 640K, reserved 1048576K

