# JRE version: OpenJDK Runtime Environment (8.0_112-b06) (build 1.8.0_112-release-b06)
# Java VM: OpenJDK 64-Bit Server VM (25.112-b06 mixed mode windows-amd64 compressed oops)
Heap:
 PSYoungGen      total 640000K, used 560268K [0x000000076ab00000, 0x00000007a0800000, 0x00000007c0000000)
  eden space 494080K, 100% used [0x000000076ab00000,0x0000000788d80000,0x0000000788d80000)
  from space 145920K, 45% used [0x0000000788d80000,0x000000078ce23098,0x0000000791c00000)
  to   space 143872K, 99% used [0x0000000797b80000,0x00000007a07fbbc8,0x00000007a0800000)
 ParOldGen       total 611328K, used 413318K [0x00000006c0000000, 0x00000006e5500000, 0x000000076ab00000)
  object space 611328K, 67% used [0x00000006c0000000,0x00000006d93a1ba8,0x00000006e5500000)
 Metaspace       used 6588K, capacity 7282K, committed 7552K, reserved 1056768K
  class space    used 601K, capacity 618K, committed 640K, reserved 1048576K
GC Heap History (10 events):
Event: 7.990 GC heap after
Heap after GC invocations=12 (full 2):
 PSYoungGen      total 491520K, used 40292K [0x000000076ab00000, 0x0000000799e80000, 0x00000007c0000000)
  eden space 443392K, 0% used [0x000000076ab00000,0x000000076ab00000,0x0000000785c00000)
  from space 48128K, 83% used [0x000000078d080000,0x000000078f7d9210,0x000000078ff80000)
  to   space 119296K, 0% used [0x0000000785c00000,0x0000000785c00000,0x000000078d080000)
 ParOldGen       total 361472K, used 208955K [0x00000006c0000000, 0x00000006d6100000, 0x000000076ab00000)
  object space 361472K, 57% used [0x00000006c0000000,0x00000006ccc0ee30,0x00000006d6100000)
 Metaspace       used 6574K, capacity 7282K, committed 7552K, reserved 1056768K
  class space    used 600K, capacity 618K, committed 640K, reserved 1048576K
}
Event: 9.051 GC heap before
{Heap before GC invocations=13 (full 2):
 PSYoungGen      total 491520K, used 483684K [0x000000076ab00000, 0x0000000799e80000, 0x00000007c0000000)
  eden space 443392K, 100% used [0x000000076ab00000,0x0000000785c00000,0x0000000785c00000)
  from space 48128K, 83% used [0x000000078d080000,0x000000078f7d9210,0x000000078ff80000)
  to   space 119296K, 0% used [0x0000000785c00000,0x0000000785c00000,0x000000078d080000)
 ParOldGen       total 361472K, used 208955K [0x00000006c0000000, 0x00000006d6100000, 0x000000076ab00000)
  object space 361472K, 57% used [0x00000006c0000000,0x00000006ccc0ee30,0x00000006d6100000)
 Metaspace       used 6578K, capacity 7282K, committed 7552K, reserved 1056768K
  class space    used 600K, capacity 618K, committed 640K, reserved 1048576K
Event: 9.181 GC heap after
Heap after GC invocations=13 (full 2):
 PSYoungGen      total 562688K, used 69671K [0x000000076ab00000, 0x0000000799280000, 0x00000007c0000000)
  eden space 443392K, 0% used [0x000000076ab00000,0x000000076ab00000,0x0000000785c00000)
  from space 119296K, 58% used [0x0000000785c00000,0x000000078a009ea8,0x000000078d080000)
  to   space 121344K, 0% used [0x0000000791c00000,0x0000000791c00000,0x0000000799280000)
 ParOldGen       total 361472K, used 249551K [0x00000006c0000000, 0x00000006d6100000, 0x000000076ab00000)
  object space 361472K, 69% used [0x00000006c0000000,0x00000006cf3b3cc8,0x00000006d6100000)
 Metaspace       used 6578K, capacity 7282K, committed 7552K, reserved 1056768K
  class space    used 600K, capacity 618K, committed 640K, reserved 1048576K
}
Event: 10.060 GC heap before
{Heap before GC invocations=14 (full 2):
 PSYoungGen      total 562688K, used 513063K [0x000000076ab00000, 0x0000000799280000, 0x00000007c0000000)
  eden space 443392K, 100% used [0x000000076ab00000,0x0000000785c00000,0x0000000785c00000)
  from space 119296K, 58% used [0x0000000785c00000,0x000000078a009ea8,0x000000078d080000)
  to   space 121344K, 0% used [0x0000000791c00000,0x0000000791c00000,0x0000000799280000)
 ParOldGen       total 361472K, used 249551K [0x00000006c0000000, 0x00000006d6100000, 0x000000076ab00000)
  object space 361472K, 69% used [0x00000006c0000000,0x00000006cf3b3cc8,0x00000006d6100000)
 Metaspace       used 6581K, capacity 7282K, committed 7552K, reserved 1056768K
  class space    used 600K, capacity 618K, committed 640K, reserved 1048576K
Event: 10.183 GC heap after
Heap after GC invocations=14 (full 2):
 PSYoungGen      total 615424K, used 121317K [0x000000076ab00000, 0x000000079c800000, 0x00000007c0000000)
  eden space 494080K, 0% used [0x000000076ab00000,0x000000076ab00000,0x0000000788d80000)
  from space 121344K, 99% used [0x0000000791c00000,0x00000007992795f8,0x0000000799280000)
  to   space 145920K, 0% used [0x0000000788d80000,0x0000000788d80000,0x0000000791c00000)
 ParOldGen       total 361472K, used 262092K [0x00000006c0000000, 0x00000006d6100000, 0x000000076ab00000)
  object space 361472K, 72% used [0x00000006c0000000,0x00000006cfff3238,0x00000006d6100000)
 Metaspace       used 6581K, capacity 7282K, committed 7552K, reserved 1056768K
  class space    used 600K, capacity 618K, committed 640K, reserved 1048576K
}
Event: 11.083 GC heap before
{Heap before GC invocations=15 (full 2):
 PSYoungGen      total 615424K, used 615397K [0x000000076ab00000, 0x000000079c800000, 0x00000007c0000000)
  eden space 494080K, 100% used [0x000000076ab00000,0x0000000788d80000,0x0000000788d80000)
  from space 121344K, 99% used [0x0000000791c00000,0x00000007992795f8,0x0000000799280000)
  to   space 145920K, 0% used [0x0000000788d80000,0x0000000788d80000,0x0000000791c00000)
 ParOldGen       total 361472K, used 262092K [0x00000006c0000000, 0x00000006d6100000, 0x000000076ab00000)
  object space 361472K, 72% used [0x00000006c0000000,0x00000006cfff3238,0x00000006d6100000)
 Metaspace       used 6586K, capacity 7282K, committed 7552K, reserved 1056768K
  class space    used 601K, capacity 618K, committed 640K, reserved 1048576K
Event: 11.253 GC heap after
Heap after GC invocations=15 (full 2):
 PSYoungGen      total 640000K, used 74798K [0x000000076ab00000, 0x00000007a0800000, 0x00000007c0000000)
  eden space 494080K, 0% used [0x000000076ab00000,0x000000076ab00000,0x0000000788d80000)
  from space 145920K, 51% used [0x0000000788d80000,0x000000078d68bad8,0x0000000791c00000)
  to   space 143872K, 0% used [0x0000000797b80000,0x0000000797b80000,0x00000007a0800000)
 ParOldGen       total 384000K, used 383515K [0x00000006c0000000, 0x00000006d7700000, 0x000000076ab00000)
  object space 384000K, 99% used [0x00000006c0000000,0x00000006d7686f90,0x00000006d7700000)
 Metaspace       used 6586K, capacity 7282K, committed 7552K, reserved 1056768K
  class space    used 601K, capacity 618K, committed 640K, reserved 1048576K
}
Event: 11.253 GC heap before
{Heap before GC invocations=16 (full 3):
 PSYoungGen      total 640000K, used 74798K [0x000000076ab00000, 0x00000007a0800000, 0x00000007c0000000)
  eden space 494080K, 0% used [0x000000076ab00000,0x000000076ab00000,0x0000000788d80000)
  from space 145920K, 51% used [0x0000000788d80000,0x000000078d68bad8,0x0000000791c00000)
  to   space 143872K, 0% used [0x0000000797b80000,0x0000000797b80000,0x00000007a0800000)
 ParOldGen       total 384000K, used 383515K [0x00000006c0000000, 0x00000006d7700000, 0x000000076ab00000)
  object space 384000K, 99% used [0x00000006c0000000,0x00000006d7686f90,0x00000006d7700000)
 Metaspace       used 6586K, capacity 7282K, committed 7552K, reserved 1056768K
  class space    used 601K, capacity 618K, committed 640K, reserved 1048576K
Event: 13.207 GC heap after
Heap after GC invocations=16 (full 3):
 PSYoungGen      total 640000K, used 66188K [0x000000076ab00000, 0x00000007a0800000, 0x00000007c0000000)
  eden space 494080K, 0% used [0x000000076ab00000,0x000000076ab00000,0x0000000788d80000)
  from space 145920K, 45% used [0x0000000788d80000,0x000000078ce23098,0x0000000791c00000)
  to   space 143872K, 0% used [0x0000000797b80000,0x0000000797b80000,0x00000007a0800000)
 ParOldGen       total 611328K, used 383674K [0x00000006c0000000, 0x00000006e5500000, 0x000000076ab00000)
  object space 611328K, 62% used [0x00000006c0000000,0x00000006d76ae810,0x00000006e5500000)
 Metaspace       used 6586K, capacity 7282K, committed 7552K, reserved 1056768K
  class space    used 601K, capacity 618K, committed 640K, reserved 1048576K
}
Event: 14.557 GC heap before
{Heap before GC invocations=17 (full 3):
 PSYoungGen      total 640000K, used 560268K [0x000000076ab00000, 0x00000007a0800000, 0x00000007c0000000)
  eden space 494080K, 100% used [0x000000076ab00000,0x0000000788d80000,0x0000000788d80000)
  from space 145920K, 45% used [0x0000000788d80000,0x000000078ce23098,0x0000000791c00000)
  to   space 143872K, 0% used [0x0000000797b80000,0x0000000797b80000,0x00000007a0800000)
 ParOldGen       total 611328K, used 383674K [0x00000006c0000000, 0x00000006e5500000, 0x000000076ab00000)
  object space 611328K, 62% used [0x00000006c0000000,0x00000006d76ae810,0x00000006e5500000)
 Metaspace       used 6588K, capacity 7282K, committed 7552K, reserved 1056768K
  class space    used 601K, capacity 618K, committed 640K, reserved 1048576K

