# JRE version: OpenJDK Runtime Environment (8.0_112-b06) (build 1.8.0_112-release-b06)
# Java VM: OpenJDK 64-Bit Server VM (25.112-b06 mixed mode windows-amd64 compressed oops)
Heap:
 PSYoungGen      total 793600K, used 718223K [0x000000076ab00000, 0x00000007ac900000, 0x00000007c0000000)
  eden space 556544K, 100% used [0x000000076ab00000,0x000000078ca80000,0x000000078ca80000)
  from space 237056K, 68% used [0x000000079bf00000,0x00000007a5ce3e88,0x00000007aa680000)
  to   space 250368K, 89% used [0x000000078ca80000,0x000000079a57c5a8,0x000000079bf00000)
 ParOldGen       total 605696K, used 419921K [0x00000006c0000000, 0x00000006e4f80000, 0x000000076ab00000)
  object space 605696K, 69% used [0x00000006c0000000,0x00000006d9a14538,0x00000006e4f80000)
 Metaspace       used 6593K, capacity 7282K, committed 7552K, reserved 1056768K
  class space    used 601K, capacity 618K, committed 640K, reserved 1048576K
GC Heap History (10 events):
Event: 9.333 GC heap after
Heap after GC invocations=13 (full 2):
 PSYoungGen      total 564224K, used 116217K [0x000000076ab00000, 0x00000007a0080000, 0x00000007c0000000)
  eden space 448000K, 0% used [0x000000076ab00000,0x000000076ab00000,0x0000000786080000)
  from space 116224K, 99% used [0x0000000786080000,0x000000078d1fe6a0,0x000000078d200000)
  to   space 173568K, 0% used [0x0000000795700000,0x0000000795700000,0x00000007a0080000)
 ParOldGen       total 376832K, used 319255K [0x00000006c0000000, 0x00000006d7000000, 0x000000076ab00000)
  object space 376832K, 84% used [0x00000006c0000000,0x00000006d37c5f48,0x00000006d7000000)
 Metaspace       used 6584K, capacity 7282K, committed 7552K, reserved 1056768K
  class space    used 600K, capacity 618K, committed 640K, reserved 1048576K
}
Event: 9.333 GC heap before
{Heap before GC invocations=14 (full 3):
 PSYoungGen      total 564224K, used 116217K [0x000000076ab00000, 0x00000007a0080000, 0x00000007c0000000)
  eden space 448000K, 0% used [0x000000076ab00000,0x000000076ab00000,0x0000000786080000)
  from space 116224K, 99% used [0x0000000786080000,0x000000078d1fe6a0,0x000000078d200000)
  to   space 173568K, 0% used [0x0000000795700000,0x0000000795700000,0x00000007a0080000)
 ParOldGen       total 376832K, used 319255K [0x00000006c0000000, 0x00000006d7000000, 0x000000076ab00000)
  object space 376832K, 84% used [0x00000006c0000000,0x00000006d37c5f48,0x00000006d7000000)
 Metaspace       used 6584K, capacity 7282K, committed 7552K, reserved 1056768K
  class space    used 600K, capacity 618K, committed 640K, reserved 1048576K
Event: 10.306 GC heap after
Heap after GC invocations=14 (full 3):
 PSYoungGen      total 564224K, used 46047K [0x000000076ab00000, 0x00000007a0080000, 0x00000007c0000000)
  eden space 448000K, 0% used [0x000000076ab00000,0x000000076ab00000,0x0000000786080000)
  from space 116224K, 39% used [0x0000000786080000,0x0000000788d77e78,0x000000078d200000)
  to   space 173568K, 0% used [0x0000000795700000,0x0000000795700000,0x00000007a0080000)
 ParOldGen       total 605696K, used 376537K [0x00000006c0000000, 0x00000006e4f80000, 0x000000076ab00000)
  object space 605696K, 62% used [0x00000006c0000000,0x00000006d6fb6538,0x00000006e4f80000)
 Metaspace       used 6584K, capacity 7282K, committed 7552K, reserved 1056768K
  class space    used 600K, capacity 618K, committed 640K, reserved 1048576K
}
Event: 11.342 GC heap before
{Heap before GC invocations=15 (full 3):
 PSYoungGen      total 564224K, used 494047K [0x000000076ab00000, 0x00000007a0080000, 0x00000007c0000000)
  eden space 448000K, 100% used [0x000000076ab00000,0x0000000786080000,0x0000000786080000)
  from space 116224K, 39% used [0x0000000786080000,0x0000000788d77e78,0x000000078d200000)
  to   space 173568K, 0% used [0x0000000795700000,0x0000000795700000,0x00000007a0080000)
 ParOldGen       total 605696K, used 376537K [0x00000006c0000000, 0x00000006e4f80000, 0x000000076ab00000)
  object space 605696K, 62% used [0x00000006c0000000,0x00000006d6fb6538,0x00000006e4f80000)
 Metaspace       used 6585K, capacity 7282K, committed 7552K, reserved 1056768K
  class space    used 600K, capacity 618K, committed 640K, reserved 1048576K
Event: 11.502 GC heap after
Heap after GC invocations=15 (full 3):
 PSYoungGen      total 670208K, used 172735K [0x000000076ab00000, 0x00000007a2b80000, 0x00000007c0000000)
  eden space 496640K, 0% used [0x000000076ab00000,0x000000076ab00000,0x0000000789000000)
  from space 173568K, 99% used [0x0000000795700000,0x000000079ffafe50,0x00000007a0080000)
  to   space 203776K, 0% used [0x0000000789000000,0x0000000789000000,0x0000000795700000)
 ParOldGen       total 605696K, used 419921K [0x00000006c0000000, 0x00000006e4f80000, 0x000000076ab00000)
  object space 605696K, 69% used [0x00000006c0000000,0x00000006d9a14538,0x00000006e4f80000)
 Metaspace       used 6585K, capacity 7282K, committed 7552K, reserved 1056768K
  class space    used 600K, capacity 618K, committed 640K, reserved 1048576K
}
Event: 12.578 GC heap before
{Heap before GC invocations=16 (full 3):
 PSYoungGen      total 670208K, used 669375K [0x000000076ab00000, 0x00000007a2b80000, 0x00000007c0000000)
  eden space 496640K, 100% used [0x000000076ab00000,0x0000000789000000,0x0000000789000000)
  from space 173568K, 99% used [0x0000000795700000,0x000000079ffafe50,0x00000007a0080000)
  to   space 203776K, 0% used [0x0000000789000000,0x0000000789000000,0x0000000795700000)
 ParOldGen       total 605696K, used 419921K [0x00000006c0000000, 0x00000006e4f80000, 0x000000076ab00000)
  object space 605696K, 69% used [0x00000006c0000000,0x00000006d9a14538,0x00000006e4f80000)
 Metaspace       used 6585K, capacity 7282K, committed 7552K, reserved 1056768K
  class space    used 600K, capacity 618K, committed 640K, reserved 1048576K
Event: 12.710 GC heap after
Heap after GC invocations=16 (full 3):
 PSYoungGen      total 700416K, used 197371K [0x000000076ab00000, 0x00000007aa680000, 0x00000007c0000000)
  eden space 496640K, 0% used [0x000000076ab00000,0x000000076ab00000,0x0000000789000000)
  from space 203776K, 96% used [0x0000000789000000,0x00000007950bef28,0x0000000795700000)
  to   space 237056K, 0% used [0x000000079bf00000,0x000000079bf00000,0x00000007aa680000)
 ParOldGen       total 605696K, used 419921K [0x00000006c0000000, 0x00000006e4f80000, 0x000000076ab00000)
  object space 605696K, 69% used [0x00000006c0000000,0x00000006d9a14538,0x00000006e4f80000)
 Metaspace       used 6585K, capacity 7282K, committed 7552K, reserved 1056768K
  class space    used 600K, capacity 618K, committed 640K, reserved 1048576K
}
Event: 13.683 GC heap before
{Heap before GC invocations=17 (full 3):
 PSYoungGen      total 700416K, used 694011K [0x000000076ab00000, 0x00000007aa680000, 0x00000007c0000000)
  eden space 496640K, 100% used [0x000000076ab00000,0x0000000789000000,0x0000000789000000)
  from space 203776K, 96% used [0x0000000789000000,0x00000007950bef28,0x0000000795700000)
  to   space 237056K, 0% used [0x000000079bf00000,0x000000079bf00000,0x00000007aa680000)
 ParOldGen       total 605696K, used 419921K [0x00000006c0000000, 0x00000006e4f80000, 0x000000076ab00000)
  object space 605696K, 69% used [0x00000006c0000000,0x00000006d9a14538,0x00000006e4f80000)
 Metaspace       used 6591K, capacity 7282K, committed 7552K, reserved 1056768K
  class space    used 601K, capacity 618K, committed 640K, reserved 1048576K
Event: 13.848 GC heap after
Heap after GC invocations=17 (full 3):
 PSYoungGen      total 793600K, used 161679K [0x000000076ab00000, 0x00000007ac900000, 0x00000007c0000000)
  eden space 556544K, 0% used [0x000000076ab00000,0x000000076ab00000,0x000000078ca80000)
  from space 237056K, 68% used [0x000000079bf00000,0x00000007a5ce3e88,0x00000007aa680000)
  to   space 250368K, 0% used [0x000000078ca80000,0x000000078ca80000,0x000000079bf00000)
 ParOldGen       total 605696K, used 419921K [0x00000006c0000000, 0x00000006e4f80000, 0x000000076ab00000)
  object space 605696K, 69% used [0x00000006c0000000,0x00000006d9a14538,0x00000006e4f80000)
 Metaspace       used 6591K, capacity 7282K, committed 7552K, reserved 1056768K
  class space    used 601K, capacity 618K, committed 640K, reserved 1048576K
}
Event: 14.880 GC heap before
{Heap before GC invocations=18 (full 3):
 PSYoungGen      total 793600K, used 718223K [0x000000076ab00000, 0x00000007ac900000, 0x00000007c0000000)
  eden space 556544K, 100% used [0x000000076ab00000,0x000000078ca80000,0x000000078ca80000)
  from space 237056K, 68% used [0x000000079bf00000,0x00000007a5ce3e88,0x00000007aa680000)
  to   space 250368K, 0% used [0x000000078ca80000,0x000000078ca80000,0x000000079bf00000)
 ParOldGen       total 605696K, used 419921K [0x00000006c0000000, 0x00000006e4f80000, 0x000000076ab00000)
  object space 605696K, 69% used [0x00000006c0000000,0x00000006d9a14538,0x00000006e4f80000)
 Metaspace       used 6593K, capacity 7282K, committed 7552K, reserved 1056768K
  class space    used 601K, capacity 618K, committed 640K, reserved 1048576K

