# JRE version: OpenJDK Runtime Environment (8.0_112-b06) (build 1.8.0_112-release-b06)
# Java VM: OpenJDK 64-Bit Server VM (25.112-b06 mixed mode windows-amd64 compressed oops)
Heap:
 PSYoungGen      total 642048K, used 71528K [0x000000076ab00000, 0x00000007a0680000, 0x00000007c0000000)
  eden space 498176K, 0% used [0x000000076ab00000,0x000000076ab00000,0x0000000789180000)
  from space 143872K, 49% used [0x0000000789180000,0x000000078d75a3f8,0x0000000791e00000)
  to   space 141312K, 0% used [0x0000000797c80000,0x0000000797c80000,0x00000007a0680000)
 ParOldGen       total 373248K, used 373178K [0x00000006c0000000, 0x00000006d6c80000, 0x000000076ab00000)
  object space 373248K, 99% used [0x00000006c0000000,0x00000006d6c6eb20,0x00000006d6c80000)
 Metaspace       used 6598K, capacity 7282K, committed 7552K, reserved 1056768K
  class space    used 600K, capacity 618K, committed 640K, reserved 1048576K
GC Heap History (10 events):
Event: 7.475 GC heap after
Heap after GC invocations=11 (full 1):
 PSYoungGen      total 488960K, used 47079K [0x000000076ab00000, 0x0000000799780000, 0x00000007c0000000)
  eden space 441856K, 0% used [0x000000076ab00000,0x000000076ab00000,0x0000000785a80000)
  from space 47104K, 99% used [0x000000078d080000,0x000000078fe79e88,0x000000078fe80000)
  to   space 120832K, 0% used [0x0000000785a80000,0x0000000785a80000,0x000000078d080000)
 ParOldGen       total 214528K, used 214450K [0x00000006c0000000, 0x00000006cd180000, 0x000000076ab00000)
  object space 214528K, 99% used [0x00000006c0000000,0x00000006cd16c848,0x00000006cd180000)
 Metaspace       used 6587K, capacity 7282K, committed 7552K, reserved 1056768K
  class space    used 599K, capacity 618K, committed 640K, reserved 1048576K
}
Event: 7.475 GC heap before
{Heap before GC invocations=12 (full 2):
 PSYoungGen      total 488960K, used 47079K [0x000000076ab00000, 0x0000000799780000, 0x00000007c0000000)
  eden space 441856K, 0% used [0x000000076ab00000,0x000000076ab00000,0x0000000785a80000)
  from space 47104K, 99% used [0x000000078d080000,0x000000078fe79e88,0x000000078fe80000)
  to   space 120832K, 0% used [0x0000000785a80000,0x0000000785a80000,0x000000078d080000)
 ParOldGen       total 214528K, used 214450K [0x00000006c0000000, 0x00000006cd180000, 0x000000076ab00000)
  object space 214528K, 99% used [0x00000006c0000000,0x00000006cd16c848,0x00000006cd180000)
 Metaspace       used 6587K, capacity 7282K, committed 7552K, reserved 1056768K
  class space    used 599K, capacity 618K, committed 640K, reserved 1048576K
Event: 8.956 GC heap after
Heap after GC invocations=12 (full 2):
 PSYoungGen      total 488960K, used 30108K [0x000000076ab00000, 0x0000000799780000, 0x00000007c0000000)
  eden space 441856K, 0% used [0x000000076ab00000,0x000000076ab00000,0x0000000785a80000)
  from space 47104K, 63% used [0x000000078d080000,0x000000078ede7368,0x000000078fe80000)
  to   space 120832K, 0% used [0x0000000785a80000,0x0000000785a80000,0x000000078d080000)
 ParOldGen       total 368128K, used 214177K [0x00000006c0000000, 0x00000006d6780000, 0x000000076ab00000)
  object space 368128K, 58% used [0x00000006c0000000,0x00000006cd128468,0x00000006d6780000)
 Metaspace       used 6587K, capacity 7282K, committed 7552K, reserved 1056768K
  class space    used 599K, capacity 618K, committed 640K, reserved 1048576K
}
Event: 10.150 GC heap before
{Heap before GC invocations=13 (full 2):
 PSYoungGen      total 488960K, used 471964K [0x000000076ab00000, 0x0000000799780000, 0x00000007c0000000)
  eden space 441856K, 100% used [0x000000076ab00000,0x0000000785a80000,0x0000000785a80000)
  from space 47104K, 63% used [0x000000078d080000,0x000000078ede7368,0x000000078fe80000)
  to   space 120832K, 0% used [0x0000000785a80000,0x0000000785a80000,0x000000078d080000)
 ParOldGen       total 368128K, used 214177K [0x00000006c0000000, 0x00000006d6780000, 0x000000076ab00000)
  object space 368128K, 58% used [0x00000006c0000000,0x00000006cd128468,0x00000006d6780000)
 Metaspace       used 6592K, capacity 7282K, committed 7552K, reserved 1056768K
  class space    used 599K, capacity 618K, committed 640K, reserved 1048576K
Event: 10.311 GC heap after
Heap after GC invocations=13 (full 2):
 PSYoungGen      total 562688K, used 66541K [0x000000076ab00000, 0x0000000799480000, 0x00000007c0000000)
  eden space 441856K, 0% used [0x000000076ab00000,0x000000076ab00000,0x0000000785a80000)
  from space 120832K, 55% used [0x0000000785a80000,0x0000000789b7b670,0x000000078d080000)
  to   space 121344K, 0% used [0x0000000791e00000,0x0000000791e00000,0x0000000799480000)
 ParOldGen       total 368128K, used 244531K [0x00000006c0000000, 0x00000006d6780000, 0x000000076ab00000)
  object space 368128K, 66% used [0x00000006c0000000,0x00000006ceeccde8,0x00000006d6780000)
 Metaspace       used 6592K, capacity 7282K, committed 7552K, reserved 1056768K
  class space    used 599K, capacity 618K, committed 640K, reserved 1048576K
}
Event: 11.792 GC heap before
{Heap before GC invocations=14 (full 2):
 PSYoungGen      total 562688K, used 508397K [0x000000076ab00000, 0x0000000799480000, 0x00000007c0000000)
  eden space 441856K, 100% used [0x000000076ab00000,0x0000000785a80000,0x0000000785a80000)
  from space 120832K, 55% used [0x0000000785a80000,0x0000000789b7b670,0x000000078d080000)
  to   space 121344K, 0% used [0x0000000791e00000,0x0000000791e00000,0x0000000799480000)
 ParOldGen       total 368128K, used 244531K [0x00000006c0000000, 0x00000006d6780000, 0x000000076ab00000)
  object space 368128K, 66% used [0x00000006c0000000,0x00000006ceeccde8,0x00000006d6780000)
 Metaspace       used 6593K, capacity 7282K, committed 7552K, reserved 1056768K
  class space    used 599K, capacity 618K, committed 640K, reserved 1048576K
Event: 12.035 GC heap after
Heap after GC invocations=14 (full 2):
 PSYoungGen      total 619520K, used 121332K [0x000000076ab00000, 0x000000079c600000, 0x00000007c0000000)
  eden space 498176K, 0% used [0x000000076ab00000,0x000000076ab00000,0x0000000789180000)
  from space 121344K, 99% used [0x0000000791e00000,0x000000079947d170,0x0000000799480000)
  to   space 143872K, 0% used [0x0000000789180000,0x0000000789180000,0x0000000791e00000)
 ParOldGen       total 368128K, used 251290K [0x00000006c0000000, 0x00000006d6780000, 0x000000076ab00000)
  object space 368128K, 68% used [0x00000006c0000000,0x00000006cf566ba8,0x00000006d6780000)
 Metaspace       used 6593K, capacity 7282K, committed 7552K, reserved 1056768K
  class space    used 599K, capacity 618K, committed 640K, reserved 1048576K
}
Event: 13.453 GC heap before
{Heap before GC invocations=15 (full 2):
 PSYoungGen      total 619520K, used 619508K [0x000000076ab00000, 0x000000079c600000, 0x00000007c0000000)
  eden space 498176K, 100% used [0x000000076ab00000,0x0000000789180000,0x0000000789180000)
  from space 121344K, 99% used [0x0000000791e00000,0x000000079947d170,0x0000000799480000)
  to   space 143872K, 0% used [0x0000000789180000,0x0000000789180000,0x0000000791e00000)
 ParOldGen       total 368128K, used 251290K [0x00000006c0000000, 0x00000006d6780000, 0x000000076ab00000)
  object space 368128K, 68% used [0x00000006c0000000,0x00000006cf566ba8,0x00000006d6780000)
 Metaspace       used 6598K, capacity 7282K, committed 7552K, reserved 1056768K
  class space    used 600K, capacity 618K, committed 640K, reserved 1048576K
Event: 13.683 GC heap after
Heap after GC invocations=15 (full 2):
 PSYoungGen      total 642048K, used 71528K [0x000000076ab00000, 0x00000007a0680000, 0x00000007c0000000)
  eden space 498176K, 0% used [0x000000076ab00000,0x000000076ab00000,0x0000000789180000)
  from space 143872K, 49% used [0x0000000789180000,0x000000078d75a3f8,0x0000000791e00000)
  to   space 141312K, 0% used [0x0000000797c80000,0x0000000797c80000,0x00000007a0680000)
 ParOldGen       total 373248K, used 373178K [0x00000006c0000000, 0x00000006d6c80000, 0x000000076ab00000)
  object space 373248K, 99% used [0x00000006c0000000,0x00000006d6c6eb20,0x00000006d6c80000)
 Metaspace       used 6598K, capacity 7282K, committed 7552K, reserved 1056768K
  class space    used 600K, capacity 618K, committed 640K, reserved 1048576K
}
Event: 13.683 GC heap before
{Heap before GC invocations=16 (full 3):
 PSYoungGen      total 642048K, used 71528K [0x000000076ab00000, 0x00000007a0680000, 0x00000007c0000000)
  eden space 498176K, 0% used [0x000000076ab00000,0x000000076ab00000,0x0000000789180000)
  from space 143872K, 49% used [0x0000000789180000,0x000000078d75a3f8,0x0000000791e00000)
  to   space 141312K, 0% used [0x0000000797c80000,0x0000000797c80000,0x00000007a0680000)
 ParOldGen       total 373248K, used 373178K [0x00000006c0000000, 0x00000006d6c80000, 0x000000076ab00000)
  object space 373248K, 99% used [0x00000006c0000000,0x00000006d6c6eb20,0x00000006d6c80000)
 Metaspace       used 6598K, capacity 7282K, committed 7552K, reserved 1056768K
  class space    used 600K, capacity 618K, committed 640K, reserved 1048576K

